<?xml version="1.0" encoding="UTF-8"?>
<coverage generated="1647602396726" clover="3.2.0">
  <project timestamp="1647602396726" name="All files">
    <metrics statements="31" coveredstatements="23" conditionals="13" coveredconditionals="7" methods="9" coveredmethods="7" elements="53" coveredelements="37" complexity="0" loc="31" ncloc="31" packages="2" files="2" classes="2"/>
    <package name="src.Common.components.Paginations">
      <metrics statements="22" coveredstatements="14" conditionals="7" coveredconditionals="3" methods="6" coveredmethods="4"/>
      <file name="RmPagination.vue" path="/home/adri/Desktop/Projects/test-jellysmack/src/Common/components/Paginations/RmPagination.vue">
        <metrics statements="22" coveredstatements="14" conditionals="7" coveredconditionals="3" methods="6" coveredmethods="4"/>
        <line num="21" count="1" type="stmt"/>
        <line num="40" count="4" type="stmt"/>
        <line num="41" count="127" type="stmt"/>
        <line num="43" count="4" type="cond" truecount="1" falsecount="0"/>
        <line num="44" count="1" type="stmt"/>
        <line num="47" count="3" type="cond" truecount="2" falsecount="1"/>
        <line num="48" count="3" type="stmt"/>
        <line num="51" count="0" type="stmt"/>
        <line num="54" count="4" type="stmt"/>
        <line num="55" count="0" type="cond" truecount="0" falsecount="1"/>
        <line num="56" count="0" type="stmt"/>
        <line num="59" count="0" type="stmt"/>
        <line num="62" count="4" type="stmt"/>
        <line num="64" count="4" type="stmt"/>
        <line num="65" count="0" type="cond" truecount="0" falsecount="1"/>
        <line num="66" count="0" type="stmt"/>
        <line num="69" count="0" type="stmt"/>
        <line num="72" count="4" type="stmt"/>
        <line num="73" count="2" type="cond" truecount="0" falsecount="1"/>
        <line num="74" count="0" type="stmt"/>
        <line num="77" count="2" type="stmt"/>
        <line num="79" count="2" type="stmt"/>
      </file>
    </package>
    <package name="tests.unit.utils">
      <metrics statements="9" coveredstatements="9" conditionals="6" coveredconditionals="4" methods="3" coveredmethods="3"/>
      <file name="wrapperFactory.ts" path="/home/adri/Desktop/Projects/test-jellysmack/tests/unit/utils/wrapperFactory.ts">
        <metrics statements="9" coveredstatements="9" conditionals="6" coveredconditionals="4" methods="3" coveredmethods="3"/>
        <line num="1" count="1" type="stmt"/>
        <line num="2" count="1" type="stmt"/>
        <line num="4" count="1" type="stmt"/>
        <line num="5" count="8" type="cond" truecount="1" falsecount="1"/>
        <line num="8" count="1" type="stmt"/>
        <line num="9" count="4" type="stmt"/>
        <line num="21" count="1" type="stmt"/>
        <line num="25" count="4" type="cond" truecount="1" falsecount="1"/>
        <line num="27" count="1" type="stmt"/>
      </file>
    </package>
  </project>
</coverage>
