{"/home/adri/Desktop/Projects/test-jellysmack/src/Common/components/Paginations/RmPagination.vue": {"path":"/home/adri/Desktop/Projects/test-jellysmack/src/Common/components/Paginations/RmPagination.vue","statementMap":{"0":{"start":{"line":21,"column":0},"end":{"line":21,"column":null}},"1":{"start":{"line":40,"column":22},"end":{"line":40,"column":31}},"2":{"start":{"line":41,"column":16},"end":{"line":41,"column":21}},"3":{"start":{"line":41,"column":65},"end":{"line":41,"column":69}},"4":{"start":{"line":43,"column":2},"end":{"line":45,"column":null}},"5":{"start":{"line":44,"column":4},"end":{"line":44,"column":11}},"6":{"start":{"line":47,"column":2},"end":{"line":49,"column":null}},"7":{"start":{"line":48,"column":4},"end":{"line":48,"column":11}},"8":{"start":{"line":51,"column":2},"end":{"line":51,"column":9}},"9":{"start":{"line":54,"column":24},"end":{"line":60,"column":null}},"10":{"start":{"line":55,"column":2},"end":{"line":57,"column":null}},"11":{"start":{"line":56,"column":4},"end":{"line":56,"column":null}},"12":{"start":{"line":59,"column":2},"end":{"line":59,"column":6}},"13":{"start":{"line":62,"column":19},"end":{"line":62,"column":28}},"14":{"start":{"line":62,"column":34},"end":{"line":62,"column":38}},"15":{"start":{"line":64,"column":24},"end":{"line":70,"column":null}},"16":{"start":{"line":65,"column":2},"end":{"line":67,"column":null}},"17":{"start":{"line":66,"column":4},"end":{"line":66,"column":null}},"18":{"start":{"line":69,"column":2},"end":{"line":69,"column":6}},"19":{"start":{"line":72,"column":24},"end":{"line":80,"column":null}},"20":{"start":{"line":73,"column":2},"end":{"line":75,"column":null}},"21":{"start":{"line":74,"column":4},"end":{"line":74,"column":null}},"22":{"start":{"line":77,"column":2},"end":{"line":77,"column":null}},"23":{"start":{"line":79,"column":2},"end":{"line":79,"column":6}}},"fnMap":{"0":{"name":"(anonymous_1)","decl":{"start":{"line":40,"column":31},"end":{"line":40,"column":null}},"loc":{"start":{"line":40,"column":31},"end":{"line":52,"column":null}}},"1":{"name":"(anonymous_2)","decl":{"start":{"line":41,"column":55},"end":{"line":41,"column":56}},"loc":{"start":{"line":41,"column":60},"end":{"line":41,"column":null}}},"2":{"name":"(anonymous_3)","decl":{"start":{"line":54,"column":24},"end":{"line":54,"column":null}},"loc":{"start":{"line":54,"column":24},"end":{"line":60,"column":null}}},"3":{"name":"(anonymous_4)","decl":{"start":{"line":62,"column":28},"end":{"line":62,"column":34}},"loc":{"start":{"line":62,"column":28},"end":{"line":62,"column":null}}},"4":{"name":"(anonymous_5)","decl":{"start":{"line":64,"column":24},"end":{"line":64,"column":25}},"loc":{"start":{"line":64,"column":46},"end":{"line":70,"column":null}}},"5":{"name":"(anonymous_6)","decl":{"start":{"line":72,"column":24},"end":{"line":72,"column":null}},"loc":{"start":{"line":72,"column":24},"end":{"line":80,"column":null}}}},"branchMap":{"0":{"loc":{"start":{"line":43,"column":2},"end":{"line":45,"column":null}},"type":"if","locations":[{"start":{"line":43,"column":2},"end":{"line":45,"column":null}}]},"1":{"loc":{"start":{"line":47,"column":2},"end":{"line":49,"column":null}},"type":"if","locations":[{"start":{"line":47,"column":2},"end":{"line":49,"column":null}}]},"2":{"loc":{"start":{"line":47,"column":5},"end":{"line":47,"column":54}},"type":"binary-expr","locations":[{"start":{"line":47,"column":5},"end":{"line":47,"column":30}},{"start":{"line":47,"column":30},"end":{"line":47,"column":54}}]},"3":{"loc":{"start":{"line":55,"column":2},"end":{"line":57,"column":null}},"type":"if","locations":[{"start":{"line":55,"column":2},"end":{"line":57,"column":null}}]},"4":{"loc":{"start":{"line":65,"column":2},"end":{"line":67,"column":null}},"type":"if","locations":[{"start":{"line":65,"column":2},"end":{"line":67,"column":null}}]},"5":{"loc":{"start":{"line":73,"column":2},"end":{"line":75,"column":null}},"type":"if","locations":[{"start":{"line":73,"column":2},"end":{"line":75,"column":null}}]}},"s":{"0":1,"1":4,"2":4,"3":127,"4":4,"5":1,"6":3,"7":3,"8":0,"9":4,"10":0,"11":0,"12":0,"13":4,"14":4,"15":4,"16":0,"17":0,"18":0,"19":4,"20":2,"21":0,"22":2,"23":2},"f":{"0":4,"1":127,"2":0,"3":4,"4":0,"5":2},"b":{"0":[1],"1":[3],"2":[3,0],"3":[0],"4":[0],"5":[0]}}
,"/home/adri/Desktop/Projects/test-jellysmack/tests/unit/utils/wrapperFactory.ts": {"path":"/home/adri/Desktop/Projects/test-jellysmack/tests/unit/utils/wrapperFactory.ts","statementMap":{"0":{"start":{"line":1,"column":0},"end":{"line":1,"column":null}},"1":{"start":{"line":2,"column":0},"end":{"line":2,"column":null}},"2":{"start":{"line":4,"column":24},"end":{"line":5,"column":null}},"3":{"start":{"line":5,"column":2},"end":{"line":5,"column":null}},"4":{"start":{"line":8,"column":2},"end":{"line":7,"column":null}},"5":{"start":{"line":9,"column":28},"end":{"line":9,"column":null}},"6":{"start":{"line":21,"column":23},"end":{"line":25,"column":15}},"7":{"start":{"line":25,"column":2},"end":{"line":25,"column":15}},"8":{"start":{"line":27,"column":0},"end":{"line":27,"column":15}}},"fnMap":{"0":{"name":"(anonymous_0)","decl":{"start":{"line":4,"column":24},"end":{"line":4,"column":25}},"loc":{"start":{"line":5,"column":2},"end":{"line":5,"column":null}}},"1":{"name":"(anonymous_1)","decl":{"start":{"line":8,"column":2},"end":{"line":8,"column":null}},"loc":{"start":{"line":9,"column":28},"end":{"line":9,"column":null}}},"2":{"name":"(anonymous_2)","decl":{"start":{"line":21,"column":23},"end":{"line":21,"column":null}},"loc":{"start":{"line":25,"column":2},"end":{"line":25,"column":15}}}},"branchMap":{"0":{"loc":{"start":{"line":5,"column":2},"end":{"line":5,"column":null}},"type":"cond-expr","locations":[{"start":{"line":5,"column":11},"end":{"line":5,"column":53}},{"start":{"line":5,"column":53},"end":{"line":5,"column":null}}]},"1":{"loc":{"start":{"line":12,"column":15},"end":{"line":12,"column":null}},"type":"binary-expr","locations":[{"start":{"line":12,"column":15},"end":{"line":12,"column":55}},{"start":{"line":12,"column":55},"end":{"line":12,"column":null}}]},"2":{"loc":{"start":{"line":25,"column":35},"end":{"line":25,"column":50}},"type":"binary-expr","locations":[{"start":{"line":25,"column":35},"end":{"line":25,"column":42}},{"start":{"line":25,"column":46},"end":{"line":25,"column":50}}]}},"s":{"0":1,"1":1,"2":1,"3":8,"4":1,"5":4,"6":1,"7":4,"8":1},"f":{"0":8,"1":4,"2":4},"b":{"0":[0,8],"1":[4,4],"2":[4,0]}}
}
