TN:
SF:src/Common/components/Paginations/RmPagination.vue
FN:40,(anonymous_1)
FN:41,(anonymous_2)
FN:54,(anonymous_3)
FN:62,(anonymous_4)
FN:64,(anonymous_5)
FN:72,(anonymous_6)
FNF:6
FNH:4
FNDA:4,(anonymous_1)
FNDA:127,(anonymous_2)
FNDA:0,(anonymous_3)
FNDA:4,(anonymous_4)
FNDA:0,(anonymous_5)
FNDA:2,(anonymous_6)
DA:21,1
DA:40,4
DA:41,127
DA:43,4
DA:44,1
DA:47,3
DA:48,3
DA:51,0
DA:54,4
DA:55,0
DA:56,0
DA:59,0
DA:62,4
DA:64,4
DA:65,0
DA:66,0
DA:69,0
DA:72,4
DA:73,2
DA:74,0
DA:77,2
DA:79,2
LF:22
LH:14
BRDA:43,0,0,1
BRDA:47,1,0,3
BRDA:47,2,0,3
BRDA:47,2,1,0
BRDA:55,3,0,0
BRDA:65,4,0,0
BRDA:73,5,0,0
BRF:7
BRH:3
end_of_record
TN:
SF:tests/unit/utils/wrapperFactory.ts
FN:4,(anonymous_0)
FN:8,(anonymous_1)
FN:21,(anonymous_2)
FNF:3
FNH:3
FNDA:8,(anonymous_0)
FNDA:4,(anonymous_1)
FNDA:4,(anonymous_2)
DA:1,1
DA:2,1
DA:4,1
DA:5,8
DA:8,1
DA:9,4
DA:21,1
DA:25,4
DA:27,1
LF:9
LH:9
BRDA:5,0,0,0
BRDA:5,0,1,8
BRDA:12,1,0,4
BRDA:12,1,1,4
BRDA:25,2,0,4
BRDA:25,2,1,0
BRF:6
BRH:4
end_of_record
